[0.276s] Invoking command in '/F1tenth_AutoPursuit/autopursuit_ws/controller': PYTHONPATH=/F1tenth_AutoPursuit/autopursuit_ws/build/controller/prefix_override:/F1tenth_AutoPursuit/autopursuit_ws/install/controller/lib/python3.8/site-packages:${PYTHONPATH} /usr/bin/python3 setup.py egg_info --egg-base ../build/controller build --build-base /F1tenth_AutoPursuit/autopursuit_ws/build/controller/build install --record /F1tenth_AutoPursuit/autopursuit_ws/build/controller/install.log --install-scripts $base/lib/controller --single-version-externally-managed
[0.380s] running egg_info
[0.381s] writing ../build/controller/controller.egg-info/PKG-INFO
[0.382s] writing dependency_links to ../build/controller/controller.egg-info/dependency_links.txt
[0.383s] writing entry points to ../build/controller/controller.egg-info/entry_points.txt
[0.383s] writing requirements to ../build/controller/controller.egg-info/requires.txt
[0.384s] writing top-level names to ../build/controller/controller.egg-info/top_level.txt
[0.405s] reading manifest file '../build/controller/controller.egg-info/SOURCES.txt'
[0.406s] writing manifest file '../build/controller/controller.egg-info/SOURCES.txt'
[0.407s] running build
[0.407s] running build_py
[0.408s] copying controller/controller_node.py -> /F1tenth_AutoPursuit/autopursuit_ws/build/controller/build/lib/controller
[0.409s] running install
[0.409s] running install_lib
[0.410s] copying /F1tenth_AutoPursuit/autopursuit_ws/build/controller/build/lib/controller/controller_node.py -> /F1tenth_AutoPursuit/autopursuit_ws/install/controller/lib/python3.8/site-packages/controller
[0.411s] byte-compiling /F1tenth_AutoPursuit/autopursuit_ws/install/controller/lib/python3.8/site-packages/controller/controller_node.py to controller_node.cpython-38.pyc
[0.415s] running install_data
[0.416s] running install_egg_info
[0.417s] removing '/F1tenth_AutoPursuit/autopursuit_ws/install/controller/lib/python3.8/site-packages/controller-0.0.0-py3.8.egg-info' (and everything under it)
[0.418s] Copying ../build/controller/controller.egg-info to /F1tenth_AutoPursuit/autopursuit_ws/install/controller/lib/python3.8/site-packages/controller-0.0.0-py3.8.egg-info
[0.436s] running install_scripts
[0.445s] Installing controller_node script to /F1tenth_AutoPursuit/autopursuit_ws/install/controller/lib/controller
[0.445s] writing list of installed files to '/F1tenth_AutoPursuit/autopursuit_ws/build/controller/install.log'
[0.463s] Invoked command in '/F1tenth_AutoPursuit/autopursuit_ws/controller' returned '0': PYTHONPATH=/F1tenth_AutoPursuit/autopursuit_ws/build/controller/prefix_override:/F1tenth_AutoPursuit/autopursuit_ws/install/controller/lib/python3.8/site-packages:${PYTHONPATH} /usr/bin/python3 setup.py egg_info --egg-base ../build/controller build --build-base /F1tenth_AutoPursuit/autopursuit_ws/build/controller/build install --record /F1tenth_AutoPursuit/autopursuit_ws/build/controller/install.log --install-scripts $base/lib/controller --single-version-externally-managed
