[0.223s] Invoking command in '/F1tenth_AutoPursuit/autopursuit_ws/src/controller': PYTHONPATH=/F1tenth_AutoPursuit/autopursuit_ws/build/controller/prefix_override:/F1tenth_AutoPursuit/autopursuit_ws/install/controller/lib/python3.8/site-packages:${PYTHONPATH} /usr/bin/python3 setup.py egg_info --egg-base ../../build/controller build --build-base /F1tenth_AutoPursuit/autopursuit_ws/build/controller/build install --record /F1tenth_AutoPursuit/autopursuit_ws/build/controller/install.log --install-scripts $base/lib/controller --single-version-externally-managed
[0.287s] running egg_info
[0.288s] creating ../../build/controller/controller.egg-info
[0.288s] writing ../../build/controller/controller.egg-info/PKG-INFO
[0.289s] writing dependency_links to ../../build/controller/controller.egg-info/dependency_links.txt
[0.290s] writing entry points to ../../build/controller/controller.egg-info/entry_points.txt
[0.290s] writing requirements to ../../build/controller/controller.egg-info/requires.txt
[0.290s] writing top-level names to ../../build/controller/controller.egg-info/top_level.txt
[0.291s] writing manifest file '../../build/controller/controller.egg-info/SOURCES.txt'
[0.307s] reading manifest file '../../build/controller/controller.egg-info/SOURCES.txt'
[0.308s] writing manifest file '../../build/controller/controller.egg-info/SOURCES.txt'
[0.308s] running build
[0.309s] running build_py
[0.309s] creating /F1tenth_AutoPursuit/autopursuit_ws/build/controller/build
[0.309s] creating /F1tenth_AutoPursuit/autopursuit_ws/build/controller/build/lib
[0.310s] creating /F1tenth_AutoPursuit/autopursuit_ws/build/controller/build/lib/controller
[0.310s] copying controller/__init__.py -> /F1tenth_AutoPursuit/autopursuit_ws/build/controller/build/lib/controller
[0.310s] copying controller/controller_node.py -> /F1tenth_AutoPursuit/autopursuit_ws/build/controller/build/lib/controller
[0.312s] running install
[0.312s] running install_lib
[0.312s] creating /F1tenth_AutoPursuit/autopursuit_ws/install/controller/lib/python3.8/site-packages/controller
[0.312s] copying /F1tenth_AutoPursuit/autopursuit_ws/build/controller/build/lib/controller/__init__.py -> /F1tenth_AutoPursuit/autopursuit_ws/install/controller/lib/python3.8/site-packages/controller
[0.313s] copying /F1tenth_AutoPursuit/autopursuit_ws/build/controller/build/lib/controller/controller_node.py -> /F1tenth_AutoPursuit/autopursuit_ws/install/controller/lib/python3.8/site-packages/controller
[0.314s] byte-compiling /F1tenth_AutoPursuit/autopursuit_ws/install/controller/lib/python3.8/site-packages/controller/__init__.py to __init__.cpython-38.pyc
[0.316s] byte-compiling /F1tenth_AutoPursuit/autopursuit_ws/install/controller/lib/python3.8/site-packages/controller/controller_node.py to controller_node.cpython-38.pyc
[0.317s] running install_data
[0.317s] creating /F1tenth_AutoPursuit/autopursuit_ws/install/controller/share/ament_index
[0.317s] creating /F1tenth_AutoPursuit/autopursuit_ws/install/controller/share/ament_index/resource_index
[0.318s] creating /F1tenth_AutoPursuit/autopursuit_ws/install/controller/share/ament_index/resource_index/packages
[0.318s] copying resource/controller -> /F1tenth_AutoPursuit/autopursuit_ws/install/controller/share/ament_index/resource_index/packages
[0.318s] copying package.xml -> /F1tenth_AutoPursuit/autopursuit_ws/install/controller/share/controller
[0.320s] running install_egg_info
[0.320s] Copying ../../build/controller/controller.egg-info to /F1tenth_AutoPursuit/autopursuit_ws/install/controller/lib/python3.8/site-packages/controller-0.0.0-py3.8.egg-info
[0.328s] running install_scripts
[0.335s] Installing controller_node script to /F1tenth_AutoPursuit/autopursuit_ws/install/controller/lib/controller
[0.335s] writing list of installed files to '/F1tenth_AutoPursuit/autopursuit_ws/build/controller/install.log'
[0.346s] Invoked command in '/F1tenth_AutoPursuit/autopursuit_ws/src/controller' returned '0': PYTHONPATH=/F1tenth_AutoPursuit/autopursuit_ws/build/controller/prefix_override:/F1tenth_AutoPursuit/autopursuit_ws/install/controller/lib/python3.8/site-packages:${PYTHONPATH} /usr/bin/python3 setup.py egg_info --egg-base ../../build/controller build --build-base /F1tenth_AutoPursuit/autopursuit_ws/build/controller/build install --record /F1tenth_AutoPursuit/autopursuit_ws/build/controller/install.log --install-scripts $base/lib/controller --single-version-externally-managed
