running egg_info
creating ../../build/my_package/my_package.egg-info
writing ../../build/my_package/my_package.egg-info/PKG-INFO
writing dependency_links to ../../build/my_package/my_package.egg-info/dependency_links.txt
writing entry points to ../../build/my_package/my_package.egg-info/entry_points.txt
writing requirements to ../../build/my_package/my_package.egg-info/requires.txt
writing top-level names to ../../build/my_package/my_package.egg-info/top_level.txt
writing manifest file '../../build/my_package/my_package.egg-info/SOURCES.txt'
reading manifest file '../../build/my_package/my_package.egg-info/SOURCES.txt'
writing manifest file '../../build/my_package/my_package.egg-info/SOURCES.txt'
running build
running build_py
creating /F1tenth_AutoPursuit/autopursuit_ws/build/my_package/build
creating /F1tenth_AutoPursuit/autopursuit_ws/build/my_package/build/lib
creating /F1tenth_AutoPursuit/autopursuit_ws/build/my_package/build/lib/my_package
copying my_package/__init__.py -> /F1tenth_AutoPursuit/autopursuit_ws/build/my_package/build/lib/my_package
copying my_package/ftg.py -> /F1tenth_AutoPursuit/autopursuit_ws/build/my_package/build/lib/my_package
copying my_package/pure_pursuit.py -> /F1tenth_AutoPursuit/autopursuit_ws/build/my_package/build/lib/my_package
running install
running install_lib
creating /F1tenth_AutoPursuit/autopursuit_ws/install/my_package/lib/python3.8/site-packages/my_package
copying /F1tenth_AutoPursuit/autopursuit_ws/build/my_package/build/lib/my_package/__init__.py -> /F1tenth_AutoPursuit/autopursuit_ws/install/my_package/lib/python3.8/site-packages/my_package
copying /F1tenth_AutoPursuit/autopursuit_ws/build/my_package/build/lib/my_package/ftg.py -> /F1tenth_AutoPursuit/autopursuit_ws/install/my_package/lib/python3.8/site-packages/my_package
copying /F1tenth_AutoPursuit/autopursuit_ws/build/my_package/build/lib/my_package/pure_pursuit.py -> /F1tenth_AutoPursuit/autopursuit_ws/install/my_package/lib/python3.8/site-packages/my_package
byte-compiling /F1tenth_AutoPursuit/autopursuit_ws/install/my_package/lib/python3.8/site-packages/my_package/__init__.py to __init__.cpython-38.pyc
byte-compiling /F1tenth_AutoPursuit/autopursuit_ws/install/my_package/lib/python3.8/site-packages/my_package/ftg.py to ftg.cpython-38.pyc
byte-compiling /F1tenth_AutoPursuit/autopursuit_ws/install/my_package/lib/python3.8/site-packages/my_package/pure_pursuit.py to pure_pursuit.cpython-38.pyc
running install_data
creating /F1tenth_AutoPursuit/autopursuit_ws/install/my_package/share/ament_index
creating /F1tenth_AutoPursuit/autopursuit_ws/install/my_package/share/ament_index/resource_index
creating /F1tenth_AutoPursuit/autopursuit_ws/install/my_package/share/ament_index/resource_index/packages
copying resource/my_package -> /F1tenth_AutoPursuit/autopursuit_ws/install/my_package/share/ament_index/resource_index/packages
copying package.xml -> /F1tenth_AutoPursuit/autopursuit_ws/install/my_package/share/my_package
running install_egg_info
Copying ../../build/my_package/my_package.egg-info to /F1tenth_AutoPursuit/autopursuit_ws/install/my_package/lib/python3.8/site-packages/my_package-0.0.0-py3.8.egg-info
running install_scripts
writing list of installed files to '/F1tenth_AutoPursuit/autopursuit_ws/build/my_package/install.log'
