[0.180s] Invoking command in '/F1tenth_AutoPursuit/autopursuit_ws/src/my_package': PYTHONPATH=/F1tenth_AutoPursuit/autopursuit_ws/build/my_package/prefix_override:/F1tenth_AutoPursuit/autopursuit_ws/install/my_package/lib/python3.8/site-packages:${PYTHONPATH} /usr/bin/python3 setup.py egg_info --egg-base ../../build/my_package build --build-base /F1tenth_AutoPursuit/autopursuit_ws/build/my_package/build install --record /F1tenth_AutoPursuit/autopursuit_ws/build/my_package/install.log --install-scripts $base/lib/my_package --single-version-externally-managed
[0.232s] running egg_info
[0.233s] creating ../../build/my_package/my_package.egg-info
[0.233s] writing ../../build/my_package/my_package.egg-info/PKG-INFO
[0.234s] writing dependency_links to ../../build/my_package/my_package.egg-info/dependency_links.txt
[0.234s] writing entry points to ../../build/my_package/my_package.egg-info/entry_points.txt
[0.235s] writing requirements to ../../build/my_package/my_package.egg-info/requires.txt
[0.235s] writing top-level names to ../../build/my_package/my_package.egg-info/top_level.txt
[0.236s] writing manifest file '../../build/my_package/my_package.egg-info/SOURCES.txt'
[0.251s] reading manifest file '../../build/my_package/my_package.egg-info/SOURCES.txt'
[0.252s] writing manifest file '../../build/my_package/my_package.egg-info/SOURCES.txt'
[0.252s] running build
[0.252s] running build_py
[0.253s] creating /F1tenth_AutoPursuit/autopursuit_ws/build/my_package/build
[0.253s] creating /F1tenth_AutoPursuit/autopursuit_ws/build/my_package/build/lib
[0.253s] creating /F1tenth_AutoPursuit/autopursuit_ws/build/my_package/build/lib/my_package
[0.253s] copying my_package/__init__.py -> /F1tenth_AutoPursuit/autopursuit_ws/build/my_package/build/lib/my_package
[0.254s] copying my_package/ftg.py -> /F1tenth_AutoPursuit/autopursuit_ws/build/my_package/build/lib/my_package
[0.254s] copying my_package/pure_pursuit.py -> /F1tenth_AutoPursuit/autopursuit_ws/build/my_package/build/lib/my_package
[0.255s] running install
[0.256s] running install_lib
[0.256s] creating /F1tenth_AutoPursuit/autopursuit_ws/install/my_package/lib/python3.8/site-packages/my_package
[0.257s] copying /F1tenth_AutoPursuit/autopursuit_ws/build/my_package/build/lib/my_package/__init__.py -> /F1tenth_AutoPursuit/autopursuit_ws/install/my_package/lib/python3.8/site-packages/my_package
[0.257s] copying /F1tenth_AutoPursuit/autopursuit_ws/build/my_package/build/lib/my_package/ftg.py -> /F1tenth_AutoPursuit/autopursuit_ws/install/my_package/lib/python3.8/site-packages/my_package
[0.258s] copying /F1tenth_AutoPursuit/autopursuit_ws/build/my_package/build/lib/my_package/pure_pursuit.py -> /F1tenth_AutoPursuit/autopursuit_ws/install/my_package/lib/python3.8/site-packages/my_package
[0.259s] byte-compiling /F1tenth_AutoPursuit/autopursuit_ws/install/my_package/lib/python3.8/site-packages/my_package/__init__.py to __init__.cpython-38.pyc
[0.260s] byte-compiling /F1tenth_AutoPursuit/autopursuit_ws/install/my_package/lib/python3.8/site-packages/my_package/ftg.py to ftg.cpython-38.pyc
[0.262s] byte-compiling /F1tenth_AutoPursuit/autopursuit_ws/install/my_package/lib/python3.8/site-packages/my_package/pure_pursuit.py to pure_pursuit.cpython-38.pyc
[0.263s] running install_data
[0.264s] creating /F1tenth_AutoPursuit/autopursuit_ws/install/my_package/share/ament_index
[0.264s] creating /F1tenth_AutoPursuit/autopursuit_ws/install/my_package/share/ament_index/resource_index
[0.264s] creating /F1tenth_AutoPursuit/autopursuit_ws/install/my_package/share/ament_index/resource_index/packages
[0.264s] copying resource/my_package -> /F1tenth_AutoPursuit/autopursuit_ws/install/my_package/share/ament_index/resource_index/packages
[0.265s] copying package.xml -> /F1tenth_AutoPursuit/autopursuit_ws/install/my_package/share/my_package
[0.266s] running install_egg_info
[0.266s] Copying ../../build/my_package/my_package.egg-info to /F1tenth_AutoPursuit/autopursuit_ws/install/my_package/lib/python3.8/site-packages/my_package-0.0.0-py3.8.egg-info
[0.271s] running install_scripts
[0.278s] writing list of installed files to '/F1tenth_AutoPursuit/autopursuit_ws/build/my_package/install.log'
[0.288s] Invoked command in '/F1tenth_AutoPursuit/autopursuit_ws/src/my_package' returned '0': PYTHONPATH=/F1tenth_AutoPursuit/autopursuit_ws/build/my_package/prefix_override:/F1tenth_AutoPursuit/autopursuit_ws/install/my_package/lib/python3.8/site-packages:${PYTHONPATH} /usr/bin/python3 setup.py egg_info --egg-base ../../build/my_package build --build-base /F1tenth_AutoPursuit/autopursuit_ws/build/my_package/build install --record /F1tenth_AutoPursuit/autopursuit_ws/build/my_package/install.log --install-scripts $base/lib/my_package --single-version-externally-managed
