[0.262s] Invoking command in '/F1tenth_AutoPursuit/autopursuit_ws/src/my_package': PYTHONPATH=/F1tenth_AutoPursuit/autopursuit_ws/build/my_package/prefix_override:/F1tenth_AutoPursuit/autopursuit_ws/install/my_package/lib/python3.8/site-packages:${PYTHONPATH} /usr/bin/python3 setup.py egg_info --egg-base ../../build/my_package build --build-base /F1tenth_AutoPursuit/autopursuit_ws/build/my_package/build install --record /F1tenth_AutoPursuit/autopursuit_ws/build/my_package/install.log --install-scripts $base/lib/my_package --single-version-externally-managed
[0.327s] running egg_info
[0.328s] writing ../../build/my_package/my_package.egg-info/PKG-INFO
[0.328s] writing dependency_links to ../../build/my_package/my_package.egg-info/dependency_links.txt
[0.328s] writing entry points to ../../build/my_package/my_package.egg-info/entry_points.txt
[0.329s] writing requirements to ../../build/my_package/my_package.egg-info/requires.txt
[0.329s] writing top-level names to ../../build/my_package/my_package.egg-info/top_level.txt
[0.344s] reading manifest file '../../build/my_package/my_package.egg-info/SOURCES.txt'
[0.344s] writing manifest file '../../build/my_package/my_package.egg-info/SOURCES.txt'
[0.345s] running build
[0.347s] running build_py
[0.349s] running install
[0.349s] running install_lib
[0.350s] running install_data
[0.351s] running install_egg_info
[0.351s] removing '/F1tenth_AutoPursuit/autopursuit_ws/install/my_package/lib/python3.8/site-packages/my_package-0.0.0-py3.8.egg-info' (and everything under it)
[0.351s] Copying ../../build/my_package/my_package.egg-info to /F1tenth_AutoPursuit/autopursuit_ws/install/my_package/lib/python3.8/site-packages/my_package-0.0.0-py3.8.egg-info
[0.359s] running install_scripts
[0.367s] writing list of installed files to '/F1tenth_AutoPursuit/autopursuit_ws/build/my_package/install.log'
[0.383s] Invoked command in '/F1tenth_AutoPursuit/autopursuit_ws/src/my_package' returned '0': PYTHONPATH=/F1tenth_AutoPursuit/autopursuit_ws/build/my_package/prefix_override:/F1tenth_AutoPursuit/autopursuit_ws/install/my_package/lib/python3.8/site-packages:${PYTHONPATH} /usr/bin/python3 setup.py egg_info --egg-base ../../build/my_package build --build-base /F1tenth_AutoPursuit/autopursuit_ws/build/my_package/build install --record /F1tenth_AutoPursuit/autopursuit_ws/build/my_package/install.log --install-scripts $base/lib/my_package --single-version-externally-managed
