[0.232s] Invoking command in '/F1tenth_AutoPursuit/autopursuit_ws/controller': PYTHONPATH=/F1tenth_AutoPursuit/autopursuit_ws/build/controller/prefix_override:/F1tenth_AutoPursuit/autopursuit_ws/install/controller/lib/python3.8/site-packages:${PYTHONPATH} /usr/bin/python3 setup.py egg_info --egg-base ../build/controller build --build-base /F1tenth_AutoPursuit/autopursuit_ws/build/controller/build install --record /F1tenth_AutoPursuit/autopursuit_ws/build/controller/install.log --install-scripts $base/lib/controller --single-version-externally-managed
[0.301s] running egg_info
[0.302s] creating ../build/controller/controller.egg-info
[0.302s] writing ../build/controller/controller.egg-info/PKG-INFO
[0.303s] writing dependency_links to ../build/controller/controller.egg-info/dependency_links.txt
[0.303s] writing entry points to ../build/controller/controller.egg-info/entry_points.txt
[0.304s] writing requirements to ../build/controller/controller.egg-info/requires.txt
[0.304s] writing top-level names to ../build/controller/controller.egg-info/top_level.txt
[0.305s] writing manifest file '../build/controller/controller.egg-info/SOURCES.txt'
[0.321s] reading manifest file '../build/controller/controller.egg-info/SOURCES.txt'
[0.322s] writing manifest file '../build/controller/controller.egg-info/SOURCES.txt'
[0.322s] running build
[0.322s] running build_py
[0.323s] creating /F1tenth_AutoPursuit/autopursuit_ws/build/controller/build
[0.323s] creating /F1tenth_AutoPursuit/autopursuit_ws/build/controller/build/lib
[0.324s] creating /F1tenth_AutoPursuit/autopursuit_ws/build/controller/build/lib/controller
[0.324s] copying controller/__init__.py -> /F1tenth_AutoPursuit/autopursuit_ws/build/controller/build/lib/controller
[0.324s] copying controller/controller_node.py -> /F1tenth_AutoPursuit/autopursuit_ws/build/controller/build/lib/controller
[0.326s] running install
[0.326s] running install_lib
[0.326s] creating /F1tenth_AutoPursuit/autopursuit_ws/install/controller/lib/python3.8/site-packages/controller
[0.327s] copying /F1tenth_AutoPursuit/autopursuit_ws/build/controller/build/lib/controller/__init__.py -> /F1tenth_AutoPursuit/autopursuit_ws/install/controller/lib/python3.8/site-packages/controller
[0.327s] copying /F1tenth_AutoPursuit/autopursuit_ws/build/controller/build/lib/controller/controller_node.py -> /F1tenth_AutoPursuit/autopursuit_ws/install/controller/lib/python3.8/site-packages/controller
[0.329s] byte-compiling /F1tenth_AutoPursuit/autopursuit_ws/install/controller/lib/python3.8/site-packages/controller/__init__.py to __init__.cpython-38.pyc
[0.330s] byte-compiling /F1tenth_AutoPursuit/autopursuit_ws/install/controller/lib/python3.8/site-packages/controller/controller_node.py to controller_node.cpython-38.pyc
[0.332s] running install_data
[0.333s] creating /F1tenth_AutoPursuit/autopursuit_ws/install/controller/share/ament_index
[0.333s] creating /F1tenth_AutoPursuit/autopursuit_ws/install/controller/share/ament_index/resource_index
[0.333s] creating /F1tenth_AutoPursuit/autopursuit_ws/install/controller/share/ament_index/resource_index/packages
[0.334s] copying resource/controller -> /F1tenth_AutoPursuit/autopursuit_ws/install/controller/share/ament_index/resource_index/packages
[0.334s] copying package.xml -> /F1tenth_AutoPursuit/autopursuit_ws/install/controller/share/controller
[0.336s] running install_egg_info
[0.336s] Copying ../build/controller/controller.egg-info to /F1tenth_AutoPursuit/autopursuit_ws/install/controller/lib/python3.8/site-packages/controller-0.0.0-py3.8.egg-info
[0.342s] running install_scripts
[0.349s] Installing controller_node script to /F1tenth_AutoPursuit/autopursuit_ws/install/controller/lib/controller
[0.350s] writing list of installed files to '/F1tenth_AutoPursuit/autopursuit_ws/build/controller/install.log'
[0.363s] Invoked command in '/F1tenth_AutoPursuit/autopursuit_ws/controller' returned '0': PYTHONPATH=/F1tenth_AutoPursuit/autopursuit_ws/build/controller/prefix_override:/F1tenth_AutoPursuit/autopursuit_ws/install/controller/lib/python3.8/site-packages:${PYTHONPATH} /usr/bin/python3 setup.py egg_info --egg-base ../build/controller build --build-base /F1tenth_AutoPursuit/autopursuit_ws/build/controller/build install --record /F1tenth_AutoPursuit/autopursuit_ws/build/controller/install.log --install-scripts $base/lib/controller --single-version-externally-managed
