[0.325s] Invoking command in '/F1tenth_AutoPursuit/autopursuit_ws/my_package': PYTHONPATH=/F1tenth_AutoPursuit/autopursuit_ws/build/my_package/prefix_override:/F1tenth_AutoPursuit/autopursuit_ws/install/my_package/lib/python3.8/site-packages:${PYTHONPATH} /usr/bin/python3 setup.py egg_info --egg-base ../build/my_package build --build-base /F1tenth_AutoPursuit/autopursuit_ws/build/my_package/build install --record /F1tenth_AutoPursuit/autopursuit_ws/build/my_package/install.log --install-scripts $base/lib/my_package --single-version-externally-managed
[0.420s] running egg_info
[0.420s] writing ../build/my_package/my_package.egg-info/PKG-INFO
[0.421s] writing dependency_links to ../build/my_package/my_package.egg-info/dependency_links.txt
[0.421s] writing entry points to ../build/my_package/my_package.egg-info/entry_points.txt
[0.423s] writing requirements to ../build/my_package/my_package.egg-info/requires.txt
[0.423s] writing top-level names to ../build/my_package/my_package.egg-info/top_level.txt
[0.448s] reading manifest file '../build/my_package/my_package.egg-info/SOURCES.txt'
[0.449s] writing manifest file '../build/my_package/my_package.egg-info/SOURCES.txt'
[0.450s] running build
[0.452s] running build_py
[0.452s] copying my_package/ftg.py -> /F1tenth_AutoPursuit/autopursuit_ws/build/my_package/build/lib/my_package
[0.453s] running install
[0.454s] running install_lib
[0.455s] copying /F1tenth_AutoPursuit/autopursuit_ws/build/my_package/build/lib/my_package/ftg.py -> /F1tenth_AutoPursuit/autopursuit_ws/install/my_package/lib/python3.8/site-packages/my_package
[0.456s] byte-compiling /F1tenth_AutoPursuit/autopursuit_ws/install/my_package/lib/python3.8/site-packages/my_package/ftg.py to ftg.cpython-38.pyc
[0.477s] running install_data
[0.482s] running install_egg_info
[0.488s] removing '/F1tenth_AutoPursuit/autopursuit_ws/install/my_package/lib/python3.8/site-packages/my_package-0.0.0-py3.8.egg-info' (and everything under it)
[0.490s] Copying ../build/my_package/my_package.egg-info to /F1tenth_AutoPursuit/autopursuit_ws/install/my_package/lib/python3.8/site-packages/my_package-0.0.0-py3.8.egg-info
[0.513s] running install_scripts
[0.522s] Installing ftg script to /F1tenth_AutoPursuit/autopursuit_ws/install/my_package/lib/my_package
[0.523s] writing list of installed files to '/F1tenth_AutoPursuit/autopursuit_ws/build/my_package/install.log'
[0.535s] Invoked command in '/F1tenth_AutoPursuit/autopursuit_ws/my_package' returned '0': PYTHONPATH=/F1tenth_AutoPursuit/autopursuit_ws/build/my_package/prefix_override:/F1tenth_AutoPursuit/autopursuit_ws/install/my_package/lib/python3.8/site-packages:${PYTHONPATH} /usr/bin/python3 setup.py egg_info --egg-base ../build/my_package build --build-base /F1tenth_AutoPursuit/autopursuit_ws/build/my_package/build install --record /F1tenth_AutoPursuit/autopursuit_ws/build/my_package/install.log --install-scripts $base/lib/my_package --single-version-externally-managed
