[0.278s] Invoking command in '/F1tenth_AutoPursuit/autopursuit_ws/src/my_package': PYTHONPATH=/F1tenth_AutoPursuit/autopursuit_ws/build/my_package/prefix_override:/F1tenth_AutoPursuit/autopursuit_ws/install/my_package/lib/python3.8/site-packages:${PYTHONPATH} /usr/bin/python3 setup.py egg_info --egg-base ../../build/my_package build --build-base /F1tenth_AutoPursuit/autopursuit_ws/build/my_package/build install --record /F1tenth_AutoPursuit/autopursuit_ws/build/my_package/install.log --install-scripts $base/lib/my_package --single-version-externally-managed
[0.355s] running egg_info
[0.355s] writing ../../build/my_package/my_package.egg-info/PKG-INFO
[0.356s] writing dependency_links to ../../build/my_package/my_package.egg-info/dependency_links.txt
[0.356s] writing entry points to ../../build/my_package/my_package.egg-info/entry_points.txt
[0.356s] writing requirements to ../../build/my_package/my_package.egg-info/requires.txt
[0.357s] writing top-level names to ../../build/my_package/my_package.egg-info/top_level.txt
[0.372s] reading manifest file '../../build/my_package/my_package.egg-info/SOURCES.txt'
[0.373s] writing manifest file '../../build/my_package/my_package.egg-info/SOURCES.txt'
[0.374s] running build
[0.375s] running build_py
[0.375s] running install
[0.376s] running install_lib
[0.377s] running install_data
[0.378s] running install_egg_info
[0.379s] removing '/F1tenth_AutoPursuit/autopursuit_ws/install/my_package/lib/python3.8/site-packages/my_package-0.0.0-py3.8.egg-info' (and everything under it)
[0.379s] Copying ../../build/my_package/my_package.egg-info to /F1tenth_AutoPursuit/autopursuit_ws/install/my_package/lib/python3.8/site-packages/my_package-0.0.0-py3.8.egg-info
[0.386s] running install_scripts
[0.393s] writing list of installed files to '/F1tenth_AutoPursuit/autopursuit_ws/build/my_package/install.log'
[0.403s] Invoked command in '/F1tenth_AutoPursuit/autopursuit_ws/src/my_package' returned '0': PYTHONPATH=/F1tenth_AutoPursuit/autopursuit_ws/build/my_package/prefix_override:/F1tenth_AutoPursuit/autopursuit_ws/install/my_package/lib/python3.8/site-packages:${PYTHONPATH} /usr/bin/python3 setup.py egg_info --egg-base ../../build/my_package build --build-base /F1tenth_AutoPursuit/autopursuit_ws/build/my_package/build install --record /F1tenth_AutoPursuit/autopursuit_ws/build/my_package/install.log --install-scripts $base/lib/my_package --single-version-externally-managed
