[0.289s] Invoking command in '/F1tenth_AutoPursuit/autopursuit_ws/src/my_package': PYTHONPATH=/F1tenth_AutoPursuit/autopursuit_ws/build/my_package/prefix_override:/F1tenth_AutoPursuit/autopursuit_ws/install/my_package/lib/python3.8/site-packages:${PYTHONPATH} /usr/bin/python3 setup.py egg_info --egg-base ../../build/my_package build --build-base /F1tenth_AutoPursuit/autopursuit_ws/build/my_package/build install --record /F1tenth_AutoPursuit/autopursuit_ws/build/my_package/install.log --install-scripts $base/lib/my_package --single-version-externally-managed
[0.362s] running egg_info
[0.362s] writing ../../build/my_package/my_package.egg-info/PKG-INFO
[0.363s] writing dependency_links to ../../build/my_package/my_package.egg-info/dependency_links.txt
[0.363s] writing entry points to ../../build/my_package/my_package.egg-info/entry_points.txt
[0.364s] writing requirements to ../../build/my_package/my_package.egg-info/requires.txt
[0.364s] writing top-level names to ../../build/my_package/my_package.egg-info/top_level.txt
[0.382s] reading manifest file '../../build/my_package/my_package.egg-info/SOURCES.txt'
[0.383s] writing manifest file '../../build/my_package/my_package.egg-info/SOURCES.txt'
[0.383s] running build
[0.383s] running build_py
[0.384s] running install
[0.385s] running install_lib
[0.385s] creating /F1tenth_AutoPursuit/autopursuit_ws/install/my_package/lib/python3.8/site-packages/my_package
[0.385s] copying /F1tenth_AutoPursuit/autopursuit_ws/build/my_package/build/lib/my_package/__init__.py -> /F1tenth_AutoPursuit/autopursuit_ws/install/my_package/lib/python3.8/site-packages/my_package
[0.388s] copying /F1tenth_AutoPursuit/autopursuit_ws/build/my_package/build/lib/my_package/ftg.py -> /F1tenth_AutoPursuit/autopursuit_ws/install/my_package/lib/python3.8/site-packages/my_package
[0.389s] copying /F1tenth_AutoPursuit/autopursuit_ws/build/my_package/build/lib/my_package/pure_pursuit.py -> /F1tenth_AutoPursuit/autopursuit_ws/install/my_package/lib/python3.8/site-packages/my_package
[0.390s] byte-compiling /F1tenth_AutoPursuit/autopursuit_ws/install/my_package/lib/python3.8/site-packages/my_package/__init__.py to __init__.cpython-38.pyc
[0.392s] byte-compiling /F1tenth_AutoPursuit/autopursuit_ws/install/my_package/lib/python3.8/site-packages/my_package/ftg.py to ftg.cpython-38.pyc
[0.394s] byte-compiling /F1tenth_AutoPursuit/autopursuit_ws/install/my_package/lib/python3.8/site-packages/my_package/pure_pursuit.py to pure_pursuit.cpython-38.pyc
[0.397s] running install_data
[0.398s] running install_egg_info
[0.399s] removing '/F1tenth_AutoPursuit/autopursuit_ws/install/my_package/lib/python3.8/site-packages/my_package-0.0.0-py3.8.egg-info' (and everything under it)
[0.399s] Copying ../../build/my_package/my_package.egg-info to /F1tenth_AutoPursuit/autopursuit_ws/install/my_package/lib/python3.8/site-packages/my_package-0.0.0-py3.8.egg-info
[0.404s] running install_scripts
[0.412s] writing list of installed files to '/F1tenth_AutoPursuit/autopursuit_ws/build/my_package/install.log'
[0.423s] Invoked command in '/F1tenth_AutoPursuit/autopursuit_ws/src/my_package' returned '0': PYTHONPATH=/F1tenth_AutoPursuit/autopursuit_ws/build/my_package/prefix_override:/F1tenth_AutoPursuit/autopursuit_ws/install/my_package/lib/python3.8/site-packages:${PYTHONPATH} /usr/bin/python3 setup.py egg_info --egg-base ../../build/my_package build --build-base /F1tenth_AutoPursuit/autopursuit_ws/build/my_package/build install --record /F1tenth_AutoPursuit/autopursuit_ws/build/my_package/install.log --install-scripts $base/lib/my_package --single-version-externally-managed
