[0.289s] Invoking command in '/F1tenth_AutoPursuit/autopursuit_ws/my_package': PYTHONPATH=/F1tenth_AutoPursuit/autopursuit_ws/build/my_package/prefix_override:/F1tenth_AutoPursuit/autopursuit_ws/install/my_package/lib/python3.8/site-packages:${PYTHONPATH} /usr/bin/python3 setup.py egg_info --egg-base ../build/my_package build --build-base /F1tenth_AutoPursuit/autopursuit_ws/build/my_package/build install --record /F1tenth_AutoPursuit/autopursuit_ws/build/my_package/install.log --install-scripts $base/lib/my_package --single-version-externally-managed
[0.367s] running egg_info
[0.367s] writing ../build/my_package/my_package.egg-info/PKG-INFO
[0.368s] writing dependency_links to ../build/my_package/my_package.egg-info/dependency_links.txt
[0.369s] writing entry points to ../build/my_package/my_package.egg-info/entry_points.txt
[0.370s] writing requirements to ../build/my_package/my_package.egg-info/requires.txt
[0.370s] writing top-level names to ../build/my_package/my_package.egg-info/top_level.txt
[0.387s] reading manifest file '../build/my_package/my_package.egg-info/SOURCES.txt'
[0.393s] writing manifest file '../build/my_package/my_package.egg-info/SOURCES.txt'
[0.394s] running build
[0.394s] running build_py
[0.394s] copying my_package/__init__.py -> /F1tenth_AutoPursuit/autopursuit_ws/build/my_package/build/lib/my_package
[0.395s] running install
[0.395s] running install_lib
[0.396s] copying /F1tenth_AutoPursuit/autopursuit_ws/build/my_package/build/lib/my_package/__init__.py -> /F1tenth_AutoPursuit/autopursuit_ws/install/my_package/lib/python3.8/site-packages/my_package
[0.398s] byte-compiling /F1tenth_AutoPursuit/autopursuit_ws/install/my_package/lib/python3.8/site-packages/my_package/__init__.py to __init__.cpython-38.pyc
[0.400s] running install_data
[0.401s] copying resource/my_package -> /F1tenth_AutoPursuit/autopursuit_ws/install/my_package/share/ament_index/resource_index/packages
[0.403s] copying package.xml -> /F1tenth_AutoPursuit/autopursuit_ws/install/my_package/share/my_package
[0.404s] running install_egg_info
[0.404s] removing '/F1tenth_AutoPursuit/autopursuit_ws/install/my_package/lib/python3.8/site-packages/my_package-0.0.0-py3.8.egg-info' (and everything under it)
[0.405s] Copying ../build/my_package/my_package.egg-info to /F1tenth_AutoPursuit/autopursuit_ws/install/my_package/lib/python3.8/site-packages/my_package-0.0.0-py3.8.egg-info
[0.411s] running install_scripts
[0.418s] Installing ftg script to /F1tenth_AutoPursuit/autopursuit_ws/install/my_package/lib/my_package
[0.420s] writing list of installed files to '/F1tenth_AutoPursuit/autopursuit_ws/build/my_package/install.log'
[0.431s] Invoked command in '/F1tenth_AutoPursuit/autopursuit_ws/my_package' returned '0': PYTHONPATH=/F1tenth_AutoPursuit/autopursuit_ws/build/my_package/prefix_override:/F1tenth_AutoPursuit/autopursuit_ws/install/my_package/lib/python3.8/site-packages:${PYTHONPATH} /usr/bin/python3 setup.py egg_info --egg-base ../build/my_package build --build-base /F1tenth_AutoPursuit/autopursuit_ws/build/my_package/build install --record /F1tenth_AutoPursuit/autopursuit_ws/build/my_package/install.log --install-scripts $base/lib/my_package --single-version-externally-managed
