[0.315s] Invoking command in '/F1tenth_AutoPursuit/autopursuit_ws/my_package': PYTHONPATH=/F1tenth_AutoPursuit/autopursuit_ws/build/my_package/prefix_override:/F1tenth_AutoPursuit/autopursuit_ws/install/my_package/lib/python3.8/site-packages:${PYTHONPATH} /usr/bin/python3 setup.py egg_info --egg-base ../build/my_package build --build-base /F1tenth_AutoPursuit/autopursuit_ws/build/my_package/build install --record /F1tenth_AutoPursuit/autopursuit_ws/build/my_package/install.log --install-scripts $base/lib/my_package --single-version-externally-managed
[0.392s] running egg_info
[0.393s] writing ../build/my_package/my_package.egg-info/PKG-INFO
[0.394s] writing dependency_links to ../build/my_package/my_package.egg-info/dependency_links.txt
[0.395s] writing entry points to ../build/my_package/my_package.egg-info/entry_points.txt
[0.395s] writing requirements to ../build/my_package/my_package.egg-info/requires.txt
[0.396s] writing top-level names to ../build/my_package/my_package.egg-info/top_level.txt
[0.415s] reading manifest file '../build/my_package/my_package.egg-info/SOURCES.txt'
[0.416s] writing manifest file '../build/my_package/my_package.egg-info/SOURCES.txt'
[0.417s] running build
[0.417s] running build_py
[0.418s] running install
[0.418s] running install_lib
[0.419s] running install_data
[0.420s] running install_egg_info
[0.421s] removing '/F1tenth_AutoPursuit/autopursuit_ws/install/my_package/lib/python3.8/site-packages/my_package-0.0.0-py3.8.egg-info' (and everything under it)
[0.422s] Copying ../build/my_package/my_package.egg-info to /F1tenth_AutoPursuit/autopursuit_ws/install/my_package/lib/python3.8/site-packages/my_package-0.0.0-py3.8.egg-info
[0.430s] running install_scripts
[0.437s] Installing ftg script to /F1tenth_AutoPursuit/autopursuit_ws/install/my_package/lib/my_package
[0.441s] writing list of installed files to '/F1tenth_AutoPursuit/autopursuit_ws/build/my_package/install.log'
[0.451s] Invoked command in '/F1tenth_AutoPursuit/autopursuit_ws/my_package' returned '0': PYTHONPATH=/F1tenth_AutoPursuit/autopursuit_ws/build/my_package/prefix_override:/F1tenth_AutoPursuit/autopursuit_ws/install/my_package/lib/python3.8/site-packages:${PYTHONPATH} /usr/bin/python3 setup.py egg_info --egg-base ../build/my_package build --build-base /F1tenth_AutoPursuit/autopursuit_ws/build/my_package/build install --record /F1tenth_AutoPursuit/autopursuit_ws/build/my_package/install.log --install-scripts $base/lib/my_package --single-version-externally-managed
