[0.113s] DEBUG:colcon:Command line arguments: ['/usr/bin/colcon', 'build']
[0.114s] DEBUG:colcon:Parsed command line arguments: Namespace(ament_cmake_args=None, base_paths=['.'], build_base='build', catkin_cmake_args=None, catkin_skip_building_tests=False, cmake_args=None, cmake_clean_cache=False, cmake_clean_first=False, cmake_force_configure=False, cmake_target=None, cmake_target_skip_unavailable=False, continue_on_error=False, event_handlers=None, executor='parallel', ignore_user_meta=False, install_base='install', log_base=None, log_level=None, main=<bound method BuildVerb.main of <colcon_core.verb.build.BuildVerb object at 0xffffa4c723d0>>, merge_install=False, metas=['./colcon.meta'], mixin=None, mixin_files=None, mixin_verb=('build',), packages_above=None, packages_above_and_dependencies=None, packages_above_depth=None, packages_end=None, packages_ignore=None, packages_ignore_regex=None, packages_select=None, packages_select_build_failed=False, packages_select_by_dep=None, packages_select_regex=None, packages_select_test_failures=False, packages_skip=None, packages_skip_build_finished=False, packages_skip_by_dep=None, packages_skip_regex=None, packages_skip_test_passed=False, packages_skip_up_to=None, packages_start=None, packages_up_to=None, packages_up_to_regex=None, parallel_workers=14, paths=None, symlink_install=False, test_result_base=None, verb_extension=<colcon_core.verb.build.BuildVerb object at 0xffffa4c723d0>, verb_name='build', verb_parser=<colcon_mixin.mixin.mixin_argument.MixinArgumentDecorator object at 0xffffa4c72a30>)
[0.126s] Level 1:colcon.colcon_core.package_discovery:discover_packages(colcon_meta) check parameters
[0.127s] INFO:colcon.colcon_metadata.package_discovery.colcon_meta:Using configuration from '/root/.colcon/metadata/default/Gazebo.meta'
[0.128s] INFO:colcon.colcon_metadata.package_discovery.colcon_meta:Using configuration from '/root/.colcon/metadata/default/fastrtps.meta'
[0.128s] Level 1:colcon.colcon_core.package_discovery:discover_packages(recursive) check parameters
[0.128s] Level 1:colcon.colcon_core.package_discovery:discover_packages(ignore) check parameters
[0.128s] Level 1:colcon.colcon_core.package_discovery:discover_packages(path) check parameters
[0.128s] Level 1:colcon.colcon_core.package_discovery:discover_packages(colcon_meta) discover
[0.128s] Level 1:colcon.colcon_core.package_discovery:discover_packages(recursive) discover
[0.128s] INFO:colcon.colcon_core.package_discovery:Crawling recursively for packages in '/F1tenth_AutoPursuit/autopursuit_ws'
[0.129s] Level 1:colcon.colcon_core.package_identification:_identify(.) by extensions ['ignore', 'ignore_ament_install']
[0.129s] Level 1:colcon.colcon_core.package_identification:_identify(.) by extension 'ignore'
[0.129s] Level 1:colcon.colcon_core.package_identification:_identify(.) by extension 'ignore_ament_install'
[0.129s] Level 1:colcon.colcon_core.package_identification:_identify(.) by extensions ['colcon_pkg']
[0.129s] Level 1:colcon.colcon_core.package_identification:_identify(.) by extension 'colcon_pkg'
[0.129s] Level 1:colcon.colcon_core.package_identification:_identify(.) by extensions ['colcon_meta']
[0.129s] Level 1:colcon.colcon_core.package_identification:_identify(.) by extension 'colcon_meta'
[0.129s] Level 1:colcon.colcon_core.package_identification:_identify(.) by extensions ['ros']
[0.129s] Level 1:colcon.colcon_core.package_identification:_identify(.) by extension 'ros'
[0.135s] Level 1:colcon.colcon_core.package_identification:_identify(.) by extensions ['cmake', 'python']
[0.135s] Level 1:colcon.colcon_core.package_identification:_identify(.) by extension 'cmake'
[0.135s] Level 1:colcon.colcon_core.package_identification:_identify(.) by extension 'python'
[0.135s] Level 1:colcon.colcon_core.package_identification:_identify(.) by extensions ['python_setup_py']
[0.135s] Level 1:colcon.colcon_core.package_identification:_identify(.) by extension 'python_setup_py'
[0.135s] Level 1:colcon.colcon_core.package_identification:_identify(build) by extensions ['ignore', 'ignore_ament_install']
[0.136s] Level 1:colcon.colcon_core.package_identification:_identify(build) by extension 'ignore'
[0.136s] Level 1:colcon.colcon_core.package_identification:_identify(build) ignored
[0.136s] Level 1:colcon.colcon_core.package_identification:_identify(install) by extensions ['ignore', 'ignore_ament_install']
[0.136s] Level 1:colcon.colcon_core.package_identification:_identify(install) by extension 'ignore'
[0.136s] Level 1:colcon.colcon_core.package_identification:_identify(install) ignored
[0.136s] Level 1:colcon.colcon_core.package_identification:_identify(log) by extensions ['ignore', 'ignore_ament_install']
[0.137s] Level 1:colcon.colcon_core.package_identification:_identify(log) by extension 'ignore'
[0.137s] Level 1:colcon.colcon_core.package_identification:_identify(log) ignored
[0.137s] Level 1:colcon.colcon_core.package_identification:_identify(my_package) by extensions ['ignore', 'ignore_ament_install']
[0.137s] Level 1:colcon.colcon_core.package_identification:_identify(my_package) by extension 'ignore'
[0.137s] Level 1:colcon.colcon_core.package_identification:_identify(my_package) by extension 'ignore_ament_install'
[0.137s] Level 1:colcon.colcon_core.package_identification:_identify(my_package) by extensions ['colcon_pkg']
[0.137s] Level 1:colcon.colcon_core.package_identification:_identify(my_package) by extension 'colcon_pkg'
[0.137s] Level 1:colcon.colcon_core.package_identification:_identify(my_package) by extensions ['colcon_meta']
[0.137s] Level 1:colcon.colcon_core.package_identification:_identify(my_package) by extension 'colcon_meta'
[0.137s] Level 1:colcon.colcon_core.package_identification:_identify(my_package) by extensions ['ros']
[0.137s] Level 1:colcon.colcon_core.package_identification:_identify(my_package) by extension 'ros'
[0.142s] DEBUG:colcon.colcon_core.package_identification:Package 'my_package' with type 'ros.ament_python' and name 'my_package'
[0.143s] Level 1:colcon.colcon_core.package_identification:_identify(src) by extensions ['ignore', 'ignore_ament_install']
[0.143s] Level 1:colcon.colcon_core.package_identification:_identify(src) by extension 'ignore'
[0.143s] Level 1:colcon.colcon_core.package_identification:_identify(src) by extension 'ignore_ament_install'
[0.143s] Level 1:colcon.colcon_core.package_identification:_identify(src) by extensions ['colcon_pkg']
[0.143s] Level 1:colcon.colcon_core.package_identification:_identify(src) by extension 'colcon_pkg'
[0.143s] Level 1:colcon.colcon_core.package_identification:_identify(src) by extensions ['colcon_meta']
[0.143s] Level 1:colcon.colcon_core.package_identification:_identify(src) by extension 'colcon_meta'
[0.143s] Level 1:colcon.colcon_core.package_identification:_identify(src) by extensions ['ros']
[0.143s] Level 1:colcon.colcon_core.package_identification:_identify(src) by extension 'ros'
[0.144s] Level 1:colcon.colcon_core.package_identification:_identify(src) by extensions ['cmake', 'python']
[0.144s] Level 1:colcon.colcon_core.package_identification:_identify(src) by extension 'cmake'
[0.144s] Level 1:colcon.colcon_core.package_identification:_identify(src) by extension 'python'
[0.144s] Level 1:colcon.colcon_core.package_identification:_identify(src) by extensions ['python_setup_py']
[0.144s] Level 1:colcon.colcon_core.package_identification:_identify(src) by extension 'python_setup_py'
[0.145s] Level 1:colcon.colcon_core.package_identification:_identify(src/F1Tenth_Hackathon_Evaluation) by extensions ['ignore', 'ignore_ament_install']
[0.145s] Level 1:colcon.colcon_core.package_identification:_identify(src/F1Tenth_Hackathon_Evaluation) by extension 'ignore'
[0.145s] Level 1:colcon.colcon_core.package_identification:_identify(src/F1Tenth_Hackathon_Evaluation) by extension 'ignore_ament_install'
[0.145s] Level 1:colcon.colcon_core.package_identification:_identify(src/F1Tenth_Hackathon_Evaluation) by extensions ['colcon_pkg']
[0.145s] Level 1:colcon.colcon_core.package_identification:_identify(src/F1Tenth_Hackathon_Evaluation) by extension 'colcon_pkg'
[0.145s] Level 1:colcon.colcon_core.package_identification:_identify(src/F1Tenth_Hackathon_Evaluation) by extensions ['colcon_meta']
[0.146s] Level 1:colcon.colcon_core.package_identification:_identify(src/F1Tenth_Hackathon_Evaluation) by extension 'colcon_meta'
[0.146s] Level 1:colcon.colcon_core.package_identification:_identify(src/F1Tenth_Hackathon_Evaluation) by extensions ['ros']
[0.146s] Level 1:colcon.colcon_core.package_identification:_identify(src/F1Tenth_Hackathon_Evaluation) by extension 'ros'
[0.146s] DEBUG:colcon.colcon_core.package_identification:Package 'src/F1Tenth_Hackathon_Evaluation' with type 'ros.ament_python' and name 'evaluation'
[0.146s] Level 1:colcon.colcon_core.package_discovery:discover_packages(recursive) using defaults
[0.146s] Level 1:colcon.colcon_core.package_discovery:discover_packages(ignore) discover
[0.146s] Level 1:colcon.colcon_core.package_discovery:discover_packages(ignore) using defaults
[0.146s] Level 1:colcon.colcon_core.package_discovery:discover_packages(path) discover
[0.146s] Level 1:colcon.colcon_core.package_discovery:discover_packages(path) using defaults
[0.160s] Level 5:colcon.colcon_core.verb:set package 'evaluation' build argument 'cmake_args' from command line to 'None'
[0.160s] Level 5:colcon.colcon_core.verb:set package 'evaluation' build argument 'cmake_target' from command line to 'None'
[0.160s] Level 5:colcon.colcon_core.verb:set package 'evaluation' build argument 'cmake_target_skip_unavailable' from command line to 'False'
[0.161s] Level 5:colcon.colcon_core.verb:set package 'evaluation' build argument 'cmake_clean_cache' from command line to 'False'
[0.161s] Level 5:colcon.colcon_core.verb:set package 'evaluation' build argument 'cmake_clean_first' from command line to 'False'
[0.161s] Level 5:colcon.colcon_core.verb:set package 'evaluation' build argument 'cmake_force_configure' from command line to 'False'
[0.161s] Level 5:colcon.colcon_core.verb:set package 'evaluation' build argument 'ament_cmake_args' from command line to 'None'
[0.161s] Level 5:colcon.colcon_core.verb:set package 'evaluation' build argument 'catkin_cmake_args' from command line to 'None'
[0.161s] Level 5:colcon.colcon_core.verb:set package 'evaluation' build argument 'catkin_skip_building_tests' from command line to 'False'
[0.161s] DEBUG:colcon.colcon_core.verb:Building package 'evaluation' with the following arguments: {'ament_cmake_args': None, 'build_base': '/F1tenth_AutoPursuit/autopursuit_ws/build/evaluation', 'catkin_cmake_args': None, 'catkin_skip_building_tests': False, 'cmake_args': None, 'cmake_clean_cache': False, 'cmake_clean_first': False, 'cmake_force_configure': False, 'cmake_target': None, 'cmake_target_skip_unavailable': False, 'install_base': '/F1tenth_AutoPursuit/autopursuit_ws/install/evaluation', 'merge_install': False, 'path': '/F1tenth_AutoPursuit/autopursuit_ws/src/F1Tenth_Hackathon_Evaluation', 'symlink_install': False, 'test_result_base': None}
[0.161s] Level 5:colcon.colcon_core.verb:set package 'my_package' build argument 'cmake_args' from command line to 'None'
[0.161s] Level 5:colcon.colcon_core.verb:set package 'my_package' build argument 'cmake_target' from command line to 'None'
[0.161s] Level 5:colcon.colcon_core.verb:set package 'my_package' build argument 'cmake_target_skip_unavailable' from command line to 'False'
[0.161s] Level 5:colcon.colcon_core.verb:set package 'my_package' build argument 'cmake_clean_cache' from command line to 'False'
[0.161s] Level 5:colcon.colcon_core.verb:set package 'my_package' build argument 'cmake_clean_first' from command line to 'False'
[0.161s] Level 5:colcon.colcon_core.verb:set package 'my_package' build argument 'cmake_force_configure' from command line to 'False'
[0.161s] Level 5:colcon.colcon_core.verb:set package 'my_package' build argument 'ament_cmake_args' from command line to 'None'
[0.161s] Level 5:colcon.colcon_core.verb:set package 'my_package' build argument 'catkin_cmake_args' from command line to 'None'
[0.162s] Level 5:colcon.colcon_core.verb:set package 'my_package' build argument 'catkin_skip_building_tests' from command line to 'False'
[0.162s] DEBUG:colcon.colcon_core.verb:Building package 'my_package' with the following arguments: {'ament_cmake_args': None, 'build_base': '/F1tenth_AutoPursuit/autopursuit_ws/build/my_package', 'catkin_cmake_args': None, 'catkin_skip_building_tests': False, 'cmake_args': None, 'cmake_clean_cache': False, 'cmake_clean_first': False, 'cmake_force_configure': False, 'cmake_target': None, 'cmake_target_skip_unavailable': False, 'install_base': '/F1tenth_AutoPursuit/autopursuit_ws/install/my_package', 'merge_install': False, 'path': '/F1tenth_AutoPursuit/autopursuit_ws/my_package', 'symlink_install': False, 'test_result_base': None}
[0.162s] INFO:colcon.colcon_core.executor:Executing jobs using 'parallel' executor
[0.163s] DEBUG:colcon.colcon_parallel_executor.executor.parallel:run_until_complete
[0.163s] INFO:colcon.colcon_ros.task.ament_python.build:Building ROS package in '/F1tenth_AutoPursuit/autopursuit_ws/src/F1Tenth_Hackathon_Evaluation' with build type 'ament_python'
[0.163s] Level 1:colcon.colcon_core.shell:create_environment_hook('evaluation', 'ament_prefix_path')
[0.165s] INFO:colcon.colcon_core.plugin_system:Skipping extension 'colcon_core.shell.bat': Not used on non-Windows systems
[0.165s] INFO:colcon.colcon_core.shell:Creating environment hook '/F1tenth_AutoPursuit/autopursuit_ws/install/evaluation/share/evaluation/hook/ament_prefix_path.ps1'
[0.166s] INFO:colcon.colcon_core.shell:Creating environment descriptor '/F1tenth_AutoPursuit/autopursuit_ws/install/evaluation/share/evaluation/hook/ament_prefix_path.dsv'
[0.167s] INFO:colcon.colcon_core.shell:Creating environment hook '/F1tenth_AutoPursuit/autopursuit_ws/install/evaluation/share/evaluation/hook/ament_prefix_path.sh'
[0.168s] INFO:colcon.colcon_core.shell:Skip shell extension 'powershell' for command environment: Not usable outside of PowerShell
[0.168s] DEBUG:colcon.colcon_core.shell:Skip shell extension 'dsv' for command environment
[0.168s] WARNING:colcon.colcon_core.prefix_path.colcon:The path '/F1tenth_AutoPursuit/autopursuit_ws/algorithms/install' in the environment variable COLCON_PREFIX_PATH doesn't exist
[0.172s] INFO:colcon.colcon_ros.task.ament_python.build:Building ROS package in '/F1tenth_AutoPursuit/autopursuit_ws/my_package' with build type 'ament_python'
[0.172s] Level 1:colcon.colcon_core.shell:create_environment_hook('my_package', 'ament_prefix_path')
[0.173s] INFO:colcon.colcon_core.shell:Creating environment hook '/F1tenth_AutoPursuit/autopursuit_ws/install/my_package/share/my_package/hook/ament_prefix_path.ps1'
[0.174s] INFO:colcon.colcon_core.shell:Creating environment descriptor '/F1tenth_AutoPursuit/autopursuit_ws/install/my_package/share/my_package/hook/ament_prefix_path.dsv'
[0.174s] INFO:colcon.colcon_core.shell:Creating environment hook '/F1tenth_AutoPursuit/autopursuit_ws/install/my_package/share/my_package/hook/ament_prefix_path.sh'
[0.175s] INFO:colcon.colcon_core.shell:Skip shell extension 'powershell' for command environment: Not usable outside of PowerShell
[0.175s] DEBUG:colcon.colcon_core.shell:Skip shell extension 'dsv' for command environment
[0.258s] INFO:colcon.colcon_core.task.python.build:Building Python package in '/F1tenth_AutoPursuit/autopursuit_ws/src/F1Tenth_Hackathon_Evaluation'
[0.259s] INFO:colcon.colcon_core.shell:Skip shell extension 'powershell' for command environment: Not usable outside of PowerShell
[0.259s] DEBUG:colcon.colcon_core.shell:Skip shell extension 'dsv' for command environment
[0.333s] INFO:colcon.colcon_core.task.python.build:Building Python package in '/F1tenth_AutoPursuit/autopursuit_ws/my_package'
[0.333s] INFO:colcon.colcon_core.shell:Skip shell extension 'powershell' for command environment: Not usable outside of PowerShell
[0.334s] DEBUG:colcon.colcon_core.shell:Skip shell extension 'dsv' for command environment
[0.495s] DEBUG:colcon.colcon_core.event_handler.log_command:Invoking command in '/F1tenth_AutoPursuit/autopursuit_ws/src/F1Tenth_Hackathon_Evaluation': PYTHONPATH=/F1tenth_AutoPursuit/autopursuit_ws/build/evaluation/prefix_override:/F1tenth_AutoPursuit/autopursuit_ws/install/evaluation/lib/python3.8/site-packages:${PYTHONPATH} /usr/bin/python3 setup.py egg_info --egg-base ../../build/evaluation build --build-base /F1tenth_AutoPursuit/autopursuit_ws/build/evaluation/build install --record /F1tenth_AutoPursuit/autopursuit_ws/build/evaluation/install.log --install-scripts $base/lib/evaluation --single-version-externally-managed
[0.498s] DEBUG:colcon.colcon_core.event_handler.log_command:Invoking command in '/F1tenth_AutoPursuit/autopursuit_ws/my_package': PYTHONPATH=/F1tenth_AutoPursuit/autopursuit_ws/build/my_package/prefix_override:/F1tenth_AutoPursuit/autopursuit_ws/install/my_package/lib/python3.8/site-packages:${PYTHONPATH} /usr/bin/python3 setup.py egg_info --egg-base ../build/my_package build --build-base /F1tenth_AutoPursuit/autopursuit_ws/build/my_package/build install --record /F1tenth_AutoPursuit/autopursuit_ws/build/my_package/install.log --install-scripts $base/lib/my_package --single-version-externally-managed
[0.678s] DEBUG:colcon.colcon_core.event_handler.log_command:Invoked command in '/F1tenth_AutoPursuit/autopursuit_ws/src/F1Tenth_Hackathon_Evaluation' returned '0': PYTHONPATH=/F1tenth_AutoPursuit/autopursuit_ws/build/evaluation/prefix_override:/F1tenth_AutoPursuit/autopursuit_ws/install/evaluation/lib/python3.8/site-packages:${PYTHONPATH} /usr/bin/python3 setup.py egg_info --egg-base ../../build/evaluation build --build-base /F1tenth_AutoPursuit/autopursuit_ws/build/evaluation/build install --record /F1tenth_AutoPursuit/autopursuit_ws/build/evaluation/install.log --install-scripts $base/lib/evaluation --single-version-externally-managed
[0.681s] Level 1:colcon.colcon_core.environment:checking '/F1tenth_AutoPursuit/autopursuit_ws/install/evaluation' for CMake module files
[0.684s] Level 1:colcon.colcon_core.environment:checking '/F1tenth_AutoPursuit/autopursuit_ws/install/evaluation' for CMake config files
[0.688s] Level 1:colcon.colcon_core.environment:checking '/F1tenth_AutoPursuit/autopursuit_ws/install/evaluation/lib'
[0.689s] Level 1:colcon.colcon_core.environment:checking '/F1tenth_AutoPursuit/autopursuit_ws/install/evaluation/bin'
[0.689s] Level 1:colcon.colcon_core.environment:checking '/F1tenth_AutoPursuit/autopursuit_ws/install/evaluation/lib/pkgconfig/evaluation.pc'
[0.689s] Level 1:colcon.colcon_core.environment:checking '/F1tenth_AutoPursuit/autopursuit_ws/install/evaluation/lib/python3.8/site-packages'
[0.689s] Level 1:colcon.colcon_core.shell:create_environment_hook('evaluation', 'pythonpath')
[0.690s] INFO:colcon.colcon_core.shell:Creating environment hook '/F1tenth_AutoPursuit/autopursuit_ws/install/evaluation/share/evaluation/hook/pythonpath.ps1'
[0.690s] INFO:colcon.colcon_core.shell:Creating environment descriptor '/F1tenth_AutoPursuit/autopursuit_ws/install/evaluation/share/evaluation/hook/pythonpath.dsv'
[0.691s] INFO:colcon.colcon_core.shell:Creating environment hook '/F1tenth_AutoPursuit/autopursuit_ws/install/evaluation/share/evaluation/hook/pythonpath.sh'
[0.691s] Level 1:colcon.colcon_core.environment:checking '/F1tenth_AutoPursuit/autopursuit_ws/install/evaluation/bin'
[0.691s] Level 1:colcon.colcon_core.environment:create_environment_scripts_only(evaluation)
[0.692s] INFO:colcon.colcon_core.shell:Creating package script '/F1tenth_AutoPursuit/autopursuit_ws/install/evaluation/share/evaluation/package.ps1'
[0.693s] INFO:colcon.colcon_core.shell:Creating package descriptor '/F1tenth_AutoPursuit/autopursuit_ws/install/evaluation/share/evaluation/package.dsv'
[0.693s] INFO:colcon.colcon_core.shell:Creating package script '/F1tenth_AutoPursuit/autopursuit_ws/install/evaluation/share/evaluation/package.sh'
[0.694s] INFO:colcon.colcon_core.shell:Creating package script '/F1tenth_AutoPursuit/autopursuit_ws/install/evaluation/share/evaluation/package.bash'
[0.695s] INFO:colcon.colcon_core.shell:Creating package script '/F1tenth_AutoPursuit/autopursuit_ws/install/evaluation/share/evaluation/package.zsh'
[0.696s] Level 1:colcon.colcon_core.environment:create_file_with_runtime_dependencies(/F1tenth_AutoPursuit/autopursuit_ws/install/evaluation/share/colcon-core/packages/evaluation)
[0.707s] Level 1:colcon.colcon_core.environment:checking '/F1tenth_AutoPursuit/autopursuit_ws/install/my_package' for CMake module files
[0.707s] DEBUG:colcon.colcon_core.event_handler.log_command:Invoked command in '/F1tenth_AutoPursuit/autopursuit_ws/my_package' returned '0': PYTHONPATH=/F1tenth_AutoPursuit/autopursuit_ws/build/my_package/prefix_override:/F1tenth_AutoPursuit/autopursuit_ws/install/my_package/lib/python3.8/site-packages:${PYTHONPATH} /usr/bin/python3 setup.py egg_info --egg-base ../build/my_package build --build-base /F1tenth_AutoPursuit/autopursuit_ws/build/my_package/build install --record /F1tenth_AutoPursuit/autopursuit_ws/build/my_package/install.log --install-scripts $base/lib/my_package --single-version-externally-managed
[0.708s] Level 1:colcon.colcon_core.environment:checking '/F1tenth_AutoPursuit/autopursuit_ws/install/my_package' for CMake config files
[0.711s] Level 1:colcon.colcon_core.environment:checking '/F1tenth_AutoPursuit/autopursuit_ws/install/my_package/lib'
[0.711s] Level 1:colcon.colcon_core.environment:checking '/F1tenth_AutoPursuit/autopursuit_ws/install/my_package/bin'
[0.711s] Level 1:colcon.colcon_core.environment:checking '/F1tenth_AutoPursuit/autopursuit_ws/install/my_package/lib/pkgconfig/my_package.pc'
[0.712s] Level 1:colcon.colcon_core.environment:checking '/F1tenth_AutoPursuit/autopursuit_ws/install/my_package/lib/python3.8/site-packages'
[0.712s] Level 1:colcon.colcon_core.shell:create_environment_hook('my_package', 'pythonpath')
[0.712s] INFO:colcon.colcon_core.shell:Creating environment hook '/F1tenth_AutoPursuit/autopursuit_ws/install/my_package/share/my_package/hook/pythonpath.ps1'
[0.713s] INFO:colcon.colcon_core.shell:Creating environment descriptor '/F1tenth_AutoPursuit/autopursuit_ws/install/my_package/share/my_package/hook/pythonpath.dsv'
[0.713s] INFO:colcon.colcon_core.shell:Creating environment hook '/F1tenth_AutoPursuit/autopursuit_ws/install/my_package/share/my_package/hook/pythonpath.sh'
[0.714s] Level 1:colcon.colcon_core.environment:checking '/F1tenth_AutoPursuit/autopursuit_ws/install/my_package/bin'
[0.714s] Level 1:colcon.colcon_core.environment:create_environment_scripts_only(my_package)
[0.715s] INFO:colcon.colcon_core.shell:Creating package script '/F1tenth_AutoPursuit/autopursuit_ws/install/my_package/share/my_package/package.ps1'
[0.715s] INFO:colcon.colcon_core.shell:Creating package descriptor '/F1tenth_AutoPursuit/autopursuit_ws/install/my_package/share/my_package/package.dsv'
[0.716s] INFO:colcon.colcon_core.shell:Creating package script '/F1tenth_AutoPursuit/autopursuit_ws/install/my_package/share/my_package/package.sh'
[0.716s] INFO:colcon.colcon_core.shell:Creating package script '/F1tenth_AutoPursuit/autopursuit_ws/install/my_package/share/my_package/package.bash'
[0.716s] INFO:colcon.colcon_core.shell:Creating package script '/F1tenth_AutoPursuit/autopursuit_ws/install/my_package/share/my_package/package.zsh'
[0.717s] Level 1:colcon.colcon_core.environment:create_file_with_runtime_dependencies(/F1tenth_AutoPursuit/autopursuit_ws/install/my_package/share/colcon-core/packages/my_package)
[0.717s] DEBUG:colcon.colcon_parallel_executor.executor.parallel:closing loop
[0.717s] DEBUG:colcon.colcon_parallel_executor.executor.parallel:loop closed
[0.717s] DEBUG:colcon.colcon_parallel_executor.executor.parallel:run_until_complete finished with '0'
[0.718s] DEBUG:colcon.colcon_core.event_reactor:joining thread
[0.721s] INFO:colcon.colcon_core.plugin_system:Skipping extension 'colcon_notification.desktop_notification.notify_send': Could not find 'notify-send'
[0.721s] INFO:colcon.colcon_core.plugin_system:Skipping extension 'colcon_notification.desktop_notification.terminal_notifier': Not used on non-Darwin systems
[0.722s] INFO:colcon.colcon_core.plugin_system:Skipping extension 'colcon_notification.desktop_notification.win32': Not used on non-Windows systems
[0.722s] INFO:colcon.colcon_notification.desktop_notification:Sending desktop notification using 'notify2'
[0.723s] DEBUG:colcon.colcon_notification.desktop_notification.notify2:Failed to initialize notify2: org.freedesktop.DBus.Error.Spawn.ExecFailed: /usr/bin/dbus-launch terminated abnormally without any error message
[0.723s] DEBUG:colcon.colcon_core.event_reactor:joined thread
[0.724s] INFO:colcon.colcon_core.shell:Creating prefix script '/F1tenth_AutoPursuit/autopursuit_ws/install/local_setup.ps1'
[0.725s] INFO:colcon.colcon_core.shell:Creating prefix util module '/F1tenth_AutoPursuit/autopursuit_ws/install/_local_setup_util_ps1.py'
[0.726s] INFO:colcon.colcon_core.shell:Creating prefix chain script '/F1tenth_AutoPursuit/autopursuit_ws/install/setup.ps1'
[0.728s] INFO:colcon.colcon_core.shell:Creating prefix script '/F1tenth_AutoPursuit/autopursuit_ws/install/local_setup.sh'
[0.729s] INFO:colcon.colcon_core.shell:Creating prefix util module '/F1tenth_AutoPursuit/autopursuit_ws/install/_local_setup_util_sh.py'
[0.730s] INFO:colcon.colcon_core.shell:Creating prefix chain script '/F1tenth_AutoPursuit/autopursuit_ws/install/setup.sh'
[0.737s] INFO:colcon.colcon_core.shell:Creating prefix script '/F1tenth_AutoPursuit/autopursuit_ws/install/local_setup.bash'
[0.737s] INFO:colcon.colcon_core.shell:Creating prefix chain script '/F1tenth_AutoPursuit/autopursuit_ws/install/setup.bash'
[0.739s] INFO:colcon.colcon_core.shell:Creating prefix script '/F1tenth_AutoPursuit/autopursuit_ws/install/local_setup.zsh'
[0.739s] INFO:colcon.colcon_core.shell:Creating prefix chain script '/F1tenth_AutoPursuit/autopursuit_ws/install/setup.zsh'
